Release 14.7 - xst P.20131013 (nt)
Copyright (c) 1995-2013 Xilinx, Inc.  All rights reserved.
--> Parameter TMPDIR set to xst/projnav.tmp


Total REAL time to Xst completion: 0.00 secs
Total CPU time to Xst completion: 0.43 secs
 
--> Parameter xsthdpdir set to xst


Total REAL time to Xst completion: 0.00 secs
Total CPU time to Xst completion: 0.43 secs
 
--> Reading design: ring_counter_6bit.prj

TABLE OF CONTENTS
  1) Synthesis Options Summary
  2) HDL Compilation
  3) Design Hierarchy Analysis
  4) HDL Analysis
  5) HDL Synthesis
     5.1) HDL Synthesis Report
  6) Advanced HDL Synthesis
     6.1) Advanced HDL Synthesis Report
  7) Low Level Synthesis
  8) Partition Report
  9) Final Report
	9.1) Device utilization summary
	9.2) Partition Resource Summary
	9.3) TIMING REPORT


=========================================================================
*                      Synthesis Options Summary                        *
=========================================================================
---- Source Parameters
Input File Name                    : "ring_counter_6bit.prj"
Input Format                       : mixed
Ignore Synthesis Constraint File   : NO

---- Target Parameters
Output File Name                   : "ring_counter_6bit"
Output Format                      : NGC
Target Device                      : xc4vfx12-12-sf363

---- Source Options
Top Module Name                    : ring_counter_6bit
Automatic FSM Extraction           : YES
FSM Encoding Algorithm             : Auto
Safe Implementation                : No
FSM Style                          : LUT
RAM Extraction                     : Yes
RAM Style                          : Auto
ROM Extraction                     : Yes
Mux Style                          : Auto
Decoder Extraction                 : YES
Priority Encoder Extraction        : Yes
Shift Register Extraction          : YES
Logical Shifter Extraction         : YES
XOR Collapsing                     : YES
ROM Style                          : Auto
Mux Extraction                     : Yes
Resource Sharing                   : YES
Asynchronous To Synchronous        : NO
Use DSP Block                      : Auto
Automatic Register Balancing       : No

---- Target Options
Add IO Buffers                     : YES
Global Maximum Fanout              : 100000
Add Generic Clock Buffer(BUFG)     : 32
Number of Regional Clock Buffers   : 16
Register Duplication               : YES
Slice Packing                      : YES
Optimize Instantiated Primitives   : NO
Use Clock Enable                   : Auto
Use Synchronous Set                : Auto
Use Synchronous Reset              : Auto
Pack IO Registers into IOBs        : Auto
Equivalent register Removal        : YES

---- General Options
Optimization Goal                  : Speed
Optimization Effort                : 1
Power Reduction                    : NO
Keep Hierarchy                     : No
Netlist Hierarchy                  : As_Optimized
RTL Output                         : Yes
Global Optimization                : AllClockNets
Read Cores                         : YES
Write Timing Constraints           : NO
Cross Clock Analysis               : NO
Hierarchy Separator                : /
Bus Delimiter                      : <>
Case Specifier                     : Maintain
Slice Utilization Ratio            : 100
BRAM Utilization Ratio             : 100
DSP48 Utilization Ratio            : 100
Verilog 2001                       : YES
Auto BRAM Packing                  : NO
Slice Utilization Ratio Delta      : 5

=========================================================================


=========================================================================
*                          HDL Compilation                              *
=========================================================================
Compiling vhdl file "E:/VHDL/Lab Work/150240133004 B/Lab 3 B/Q7/Synth/ring_counter/ring_counter_6bit.vhf" in Library work.
Entity <ring_counter_6bit> compiled.
Entity <ring_counter_6bit> (Architecture <behavioral>) compiled.

=========================================================================
*                     Design Hierarchy Analysis                         *
=========================================================================
Analyzing hierarchy for entity <ring_counter_6bit> in library <work> (architecture <behavioral>).


=========================================================================
*                            HDL Analysis                               *
=========================================================================
Analyzing Entity <ring_counter_6bit> in library <work> (Architecture <behavioral>).
    Set user-defined property "INIT =  0" for instance <XLXI_7> in unit <ring_counter_6bit>.
    Set user-defined property "INIT =  0" for instance <XLXI_8> in unit <ring_counter_6bit>.
    Set user-defined property "INIT =  0" for instance <XLXI_9> in unit <ring_counter_6bit>.
    Set user-defined property "INIT =  0" for instance <XLXI_10> in unit <ring_counter_6bit>.
    Set user-defined property "INIT =  0" for instance <XLXI_11> in unit <ring_counter_6bit>.
    Set user-defined property "INIT =  0" for instance <XLXI_12> in unit <ring_counter_6bit>.
Entity <ring_counter_6bit> analyzed. Unit <ring_counter_6bit> generated.


=========================================================================
*                           HDL Synthesis                               *
=========================================================================

Performing bidirectional port resolution...

Synthesizing Unit <ring_counter_6bit>.
    Related source file is "E:/VHDL/Lab Work/150240133004 B/Lab 3 B/Q7/Synth/ring_counter/ring_counter_6bit.vhf".
Unit <ring_counter_6bit> synthesized.


=========================================================================
HDL Synthesis Report

Found no macro
=========================================================================

=========================================================================
*                       Advanced HDL Synthesis                          *
=========================================================================


=========================================================================
Advanced HDL Synthesis Report

Macro Statistics
# Registers                                            : 6
 Flip-Flops                                            : 6

=========================================================================

=========================================================================
*                         Low Level Synthesis                           *
=========================================================================

Optimizing unit <ring_counter_6bit> ...

Mapping all equations...
Building and optimizing final netlist ...
Found area constraint ratio of 100 (+ 5) on block ring_counter_6bit, actual ratio is 0.

Final Macro Processing ...

=========================================================================
Final Register Report

Macro Statistics
# Registers                                            : 6
 Flip-Flops                                            : 6

=========================================================================

=========================================================================
*                           Partition Report                            *
=========================================================================

Partition Implementation Status
-------------------------------

  No Partitions were found in this design.

-------------------------------

=========================================================================
*                            Final Report                               *
=========================================================================
Final Results
RTL Top Level Output File Name     : ring_counter_6bit.ngr
Top Level Output File Name         : ring_counter_6bit
Output Format                      : NGC
Optimization Goal                  : Speed
Keep Hierarchy                     : No

Design Statistics
# IOs                              : 19

Cell Usage :
# FlipFlops/Latches                : 6
#      FDRS                        : 6
# Clock Buffers                    : 1
#      BUFGP                       : 1
# IO Buffers                       : 18
#      IBUF                        : 12
#      OBUF                        : 6
=========================================================================

Device utilization summary:
---------------------------

Selected Device : 4vfx12sf363-12 

 Number of Slices:                        3  out of   5472     0%  
 Number of Slice Flip Flops:              6  out of  10944     0%  
 Number of IOs:                          19
 Number of bonded IOBs:                  19  out of    240     7%  
 Number of GCLKs:                         1  out of     32     3%  

---------------------------
Partition Resource Summary:
---------------------------

  No Partitions were found in this design.

---------------------------


=========================================================================
TIMING REPORT

NOTE: THESE TIMING NUMBERS ARE ONLY A SYNTHESIS ESTIMATE.
      FOR ACCURATE TIMING INFORMATION PLEASE REFER TO THE TRACE REPORT
      GENERATED AFTER PLACE-and-ROUTE.

Clock Information:
------------------
-----------------------------------+------------------------+-------+
Clock Signal                       | Clock buffer(FF name)  | Load  |
-----------------------------------+------------------------+-------+
clk                                | BUFGP                  | 6     |
-----------------------------------+------------------------+-------+

Asynchronous Control Signals Information:
----------------------------------------
No asynchronous control signals found in this design

Timing Summary:
---------------
Speed Grade: -12

   Minimum period: 0.568ns (Maximum Frequency: 1761.183MHz)
   Minimum input arrival time before clock: 1.825ns
   Maximum output required time after clock: 3.806ns
   Maximum combinational path delay: No path found

Timing Detail:
--------------
All values displayed in nanoseconds (ns)

=========================================================================
Timing constraint: Default period analysis for Clock 'clk'
  Clock period: 0.568ns (frequency: 1761.183MHz)
  Total number of paths / destination ports: 6 / 6
-------------------------------------------------------------------------
Delay:               0.568ns (Levels of Logic = 0)
  Source:            XLXI_12 (FF)
  Destination:       XLXI_7 (FF)
  Source Clock:      clk rising
  Destination Clock: clk rising

  Data Path: XLXI_12 to XLXI_7
                                Gate     Net
    Cell:in->out      fanout   Delay   Delay  Logical Name (Net Name)
    ----------------------------------------  ------------
     FDRS:C->Q             2   0.272   0.279  XLXI_12 (Q_5_OBUF)
     FDRS:D                    0.017          XLXI_7
    ----------------------------------------
    Total                      0.568ns (0.289ns logic, 0.279ns route)
                                       (50.9% logic, 49.1% route)

=========================================================================
Timing constraint: Default OFFSET IN BEFORE for Clock 'clk'
  Total number of paths / destination ports: 12 / 12
-------------------------------------------------------------------------
Offset:              1.825ns (Levels of Logic = 1)
  Source:            Rst<0> (PAD)
  Destination:       XLXI_7 (FF)
  Destination Clock: clk rising

  Data Path: Rst<0> to XLXI_7
                                Gate     Net
    Cell:in->out      fanout   Delay   Delay  Logical Name (Net Name)
    ----------------------------------------  ------------
     IBUF:I->O             1   0.754   0.266  Rst_0_IBUF (Rst_0_IBUF)
     FDRS:R                    0.805          XLXI_7
    ----------------------------------------
    Total                      1.825ns (1.559ns logic, 0.266ns route)
                                       (85.4% logic, 14.6% route)

=========================================================================
Timing constraint: Default OFFSET OUT AFTER for Clock 'clk'
  Total number of paths / destination ports: 6 / 6
-------------------------------------------------------------------------
Offset:              3.806ns (Levels of Logic = 1)
  Source:            XLXI_7 (FF)
  Destination:       Q<0> (PAD)
  Source Clock:      clk rising

  Data Path: XLXI_7 to Q<0>
                                Gate     Net
    Cell:in->out      fanout   Delay   Delay  Logical Name (Net Name)
    ----------------------------------------  ------------
     FDRS:C->Q             2   0.272   0.279  XLXI_7 (Q_0_OBUF)
     OBUF:I->O                 3.255          Q_0_OBUF (Q<0>)
    ----------------------------------------
    Total                      3.806ns (3.527ns logic, 0.279ns route)
                                       (92.7% logic, 7.3% route)

=========================================================================


Total REAL time to Xst completion: 5.00 secs
Total CPU time to Xst completion: 4.94 secs
 
--> 

Total memory usage is 218016 kilobytes

Number of errors   :    0 (   0 filtered)
Number of warnings :    0 (   0 filtered)
Number of infos    :    0 (   0 filtered)

